-------------------------------------------------------------------------------
Test set: TestDisplay
-------------------------------------------------------------------------------
Tests run: 4, Failures: 0, Errors: 2, Skipped: 0, Time elapsed: 0.119 sec <<< FAILURE!
testClear(TestDisplay)  Time elapsed: 0.049 sec  <<< ERROR!
java.lang.StackOverflowError
	at sun.misc.FloatingDecimal.readJavaFormatString(FloatingDecimal.java:1838)
	at sun.misc.FloatingDecimal.parseDouble(FloatingDecimal.java:110)
	at java.lang.Double.parseDouble(Double.java:538)
	at Display.validateDouble(Display.java:72)
	at Display.setCurrentValue(Display.java:58)
	at Display.validateDouble(Display.java:73)
	at Display.setCurrentValue(Display.java:58)
	at Display.validateDouble(Display.java:73)
	at Display.setCurrentValue(Display.java:58)
	at Display.validateDouble(Display.java:73)
	at Display.setCurrentValue(Display.java:58)
	at Display.validateDouble(Display.java:73)
	at Display.setCurrentValue(Display.java:58)
	at Display.validateDouble(Display.java:73)
	at Display.setCurrentValue(Display.java:58)
	at Display.validateDouble(Display.java:73)
	at Display.setCurrentValue(Display.java:58)
	at Display.validateDouble(Display.java:73)
	at Display.setCurrentValue(Display.java:58)
	at Display.validateDouble(Display.java:73)
	at Display.setCurrentValue(Display.java:58)
	at Display.validateDouble(Display.java:73)
	at Display.setCurrentValue(Display.java:58)
	at Display.validateDouble(Display.java:73)
	at Display.setCurrentValue(Display.java:58)
	at Display.validateDouble(Display.java:73)
	at Display.setCurrentValue(Display.java:58)
	at Display.validateDouble(Display.java:73)
	at Display.setCurrentValue(Display.java:58)
	at Display.validateDouble(Display.java:73)
	at Display.setCurrentValue(Display.java:58)
	at Display.validateDouble(Display.java:73)
	at Display.setCurrentValue(Display.java:58)
	at Display.validateDouble(Display.java:73)
	at Display.setCurrentValue(Display.java:58)
	at Display.validateDouble(Display.java:73)
	at Display.setCurrentValue(Display.java:58)
	at Display.validateDouble(Display.java:73)
	at Display.setCurrentValue(Display.java:58)
	at Display.validateDouble(Display.java:73)
	at Display.setCurrentValue(Display.java:58)
	at Display.validateDouble(Display.java:73)
	at Display.setCurrentValue(Display.java:58)
	at Display.validateDouble(Display.java:73)
	at Display.setCurrentValue(Display.java:58)
	at Display.validateDouble(Display.java:73)
	at Display.setCurrentValue(Display.java:58)
	at Display.validateDouble(Display.java:73)
	at Display.setCurrentValue(Display.java:58)
	at Display.validateDouble(Display.java:73)
	at Display.setCurrentValue(Display.java:58)
	at Display.validateDouble(Display.java:73)
	at Display.setCurrentValue(Display.java:58)
	at Display.validateDouble(Display.java:73)
	at Display.setCurrentValue(Display.java:58)
	at Display.validateDouble(Display.java:73)
	at Display.setCurrentValue(Display.java:58)
	at Display.validateDouble(Display.java:73)
	at Display.setCurrentValue(Display.java:58)
	at Display.validateDouble(Display.java:73)
	at Display.setCurrentValue(Display.java:58)
	at Display.validateDouble(Display.java:73)
	at Display.setCurrentValue(Display.java:58)
	at Display.validateDouble(Display.java:73)
	at Display.setCurrentValue(Display.java:58)
	at Display.validateDouble(Display.java:73)
	at Display.setCurrentValue(Display.java:58)
	at Display.validateDouble(Display.java:73)
	at Display.setCurrentValue(Display.java:58)
	at Display.validateDouble(Display.java:73)
	at Display.setCurrentValue(Display.java:58)
	at Display.validateDouble(Display.java:73)
	at Display.setCurrentValue(Display.java:58)
	at Display.validateDouble(Display.java:73)
	at Display.setCurrentValue(Display.java:58)
	at Display.validateDouble(Display.java:73)
	at Display.setCurrentValue(Display.java:58)
	at Display.validateDouble(Display.java:73)
	at Display.setCurrentValue(Display.java:58)
	at Display.validateDouble(Display.java:73)
	at Display.setCurrentValue(Display.java:58)
	at Display.validateDouble(Display.java:73)
	at Display.setCurrentValue(Display.java:58)
	at Display.validateDouble(Display.java:73)
	at Display.setCurrentValue(Display.java:58)
	at Display.validateDouble(Display.java:73)
	at Display.setCurrentValue(Display.java:58)
	at Display.validateDouble(Display.java:73)
	at Display.setCurrentValue(Display.java:58)
	at Display.validateDouble(Display.java:73)
	at Display.setCurrentValue(Display.java:58)
	at Display.validateDouble(Display.java:73)
	at Display.setCurrentValue(Display.java:58)
	at Display.validateDouble(Display.java:73)
	at Display.setCurrentValue(Display.java:58)
	at Display.validateDouble(Display.java:73)
	at Display.setCurrentValue(Display.java:58)
	at Display.validateDouble(Display.java:73)
	at Display.setCurrentValue(Display.java:58)
	at Display.validateDouble(Display.java:73)
	at Display.setCurrentValue(Display.java:58)
	at Display.validateDouble(Display.java:73)
	at Display.setCurrentValue(Display.java:58)
	at Display.validateDouble(Display.java:73)
	at Display.setCurrentValue(Display.java:58)
	at Display.validateDouble(Display.java:73)
	at Display.setCurrentValue(Display.java:58)
	at Display.validateDouble(Display.java:73)
	at Display.setCurrentValue(Display.java:58)
	at Display.validateDouble(Display.java:73)
	at Display.setCurrentValue(Display.java:58)
	at Display.validateDouble(Display.java:73)
	at Display.setCurrentValue(Display.java:58)
	at Display.validateDouble(Display.java:73)
	at Display.setCurrentValue(Display.java:58)
	at Display.validateDouble(Display.java:73)
	at Display.setCurrentValue(Display.java:58)
	at Display.validateDouble(Display.java:73)
	at Display.setCurrentValue(Display.java:58)
	at Display.validateDouble(Display.java:73)
	at Display.setCurrentValue(Display.java:58)
	at Display.validateDouble(Display.java:73)
	at Display.setCurrentValue(Display.java:58)
	at Display.validateDouble(Display.java:73)
	at Display.setCurrentValue(Display.java:58)
	at Display.validateDouble(Display.java:73)
	at Display.setCurrentValue(Display.java:58)
	at Display.validateDouble(Display.java:73)
	at Display.setCurrentValue(Display.java:58)
	at Display.validateDouble(Display.java:73)
	at Display.setCurrentValue(Display.java:58)
	at Display.validateDouble(Display.java:73)
	at Display.setCurrentValue(Display.java:58)
	at Display.validateDouble(Display.java:73)
	at Display.setCurrentValue(Display.java:58)
	at Display.validateDouble(Display.java:73)
	at Display.setCurrentValue(Display.java:58)
	at Display.validateDouble(Display.java:73)
	at Display.setCurrentValue(Display.java:58)
	at Display.validateDouble(Display.java:73)
	at Display.setCurrentValue(Display.java:58)
	at Display.validateDouble(Display.java:73)
	at Display.setCurrentValue(Display.java:58)
	at Display.validateDouble(Display.java:73)
	at Display.setCurrentValue(Display.java:58)
	at Display.validateDouble(Display.java:73)
	at Display.setCurrentValue(Display.java:58)
	at Display.validateDouble(Display.java:73)
	at Display.setCurrentValue(Display.java:58)
	at Display.validateDouble(Display.java:73)
	at Display.setCurrentValue(Display.java:58)
	at Display.validateDouble(Display.java:73)
	at Display.setCurrentValue(Display.java:58)
	at Display.validateDouble(Display.java:73)
	at Display.setCurrentValue(Display.java:58)
	at Display.validateDouble(Display.java:73)
	at Display.setCurrentValue(Display.java:58)
	at Display.validateDouble(Display.java:73)
	at Display.setCurrentValue(Display.java:58)
	at Display.validateDouble(Display.java:73)
	at Display.setCurrentValue(Display.java:58)
	at Display.validateDouble(Display.java:73)
	at Display.setCurrentValue(Display.java:58)
	at Display.validateDouble(Display.java:73)
	at Display.setCurrentValue(Display.java:58)
	at Display.validateDouble(Display.java:73)
	at Display.setCurrentValue(Display.java:58)
	at Display.validateDouble(Display.java:73)
	at Display.setCurrentValue(Display.java:58)
	at Display.validateDouble(Display.java:73)
	at Display.setCurrentValue(Display.java:58)
	at Display.validateDouble(Display.java:73)
	at Display.setCurrentValue(Display.java:58)
	at Display.validateDouble(Display.java:73)
	at Display.setCurrentValue(Display.java:58)
	at Display.validateDouble(Display.java:73)
	at Display.setCurrentValue(Display.java:58)
	at Display.validateDouble(Display.java:73)
	at Display.setCurrentValue(Display.java:58)
	at Display.validateDouble(Display.java:73)
	at Display.setCurrentValue(Display.java:58)
	at Display.validateDouble(Display.java:73)
	at Display.setCurrentValue(Display.java:58)
	at Display.validateDouble(Display.java:73)
	at Display.setCurrentValue(Display.java:58)
	at Display.validateDouble(Display.java:73)
	at Display.setCurrentValue(Display.java:58)
	at Display.validateDouble(Display.java:73)
	at Display.setCurrentValue(Display.java:58)
	at Display.validateDouble(Display.java:73)
	at Display.setCurrentValue(Display.java:58)
	at Display.validateDouble(Display.java:73)
	at Display.setCurrentValue(Display.java:58)
	at Display.validateDouble(Display.java:73)
	at Display.setCurrentValue(Display.java:58)
	at Display.validateDouble(Display.java:73)
	at Display.setCurrentValue(Display.java:58)
	at Display.validateDouble(Display.java:73)
	at Display.setCurrentValue(Display.java:58)
	at Display.validateDouble(Display.java:73)
	at Display.setCurrentValue(Display.java:58)
	at Display.validateDouble(Display.java:73)
	at Display.setCurrentValue(Display.java:58)
	at Display.validateDouble(Display.java:73)
	at Display.setCurrentValue(Display.java:58)
	at Display.validateDouble(Display.java:73)
	at Display.setCurrentValue(Display.java:58)
	at Display.validateDouble(Display.java:73)
	at Display.setCurrentValue(Display.java:58)
	at Display.validateDouble(Display.java:73)
	at Display.setCurrentValue(Display.java:58)
	at Display.validateDouble(Display.java:73)
	at Display.setCurrentValue(Display.java:58)
	at Display.validateDouble(Display.java:73)
	at Display.setCurrentValue(Display.java:58)
	at Display.validateDouble(Display.java:73)
	at Display.setCurrentValue(Display.java:58)
	at Display.validateDouble(Display.java:73)
	at Display.setCurrentValue(Display.java:58)
	at Display.validateDouble(Display.java:73)
	at Display.setCurrentValue(Display.java:58)
	at Display.validateDouble(Display.java:73)
	at Display.setCurrentValue(Display.java:58)
	at Display.validateDouble(Display.java:73)
	at Display.setCurrentValue(Display.java:58)
	at Display.validateDouble(Display.java:73)
	at Display.setCurrentValue(Display.java:58)
	at Display.validateDouble(Display.java:73)
	at Display.setCurrentValue(Display.java:58)
	at Display.validateDouble(Display.java:73)
	at Display.setCurrentValue(Display.java:58)
	at Display.validateDouble(Display.java:73)
	at Display.setCurrentValue(Display.java:58)
	at Display.validateDouble(Display.java:73)
	at Display.setCurrentValue(Display.java:58)
	at Display.validateDouble(Display.java:73)
	at Display.setCurrentValue(Display.java:58)
	at Display.validateDouble(Display.java:73)
	at Display.setCurrentValue(Display.java:58)
	at Display.validateDouble(Display.java:73)
	at Display.setCurrentValue(Display.java:58)
	at Display.validateDouble(Display.java:73)
	at Display.setCurrentValue(Display.java:58)
	at Display.validateDouble(Display.java:73)
	at Display.setCurrentValue(Display.java:58)
	at Display.validateDouble(Display.java:73)
	at Display.setCurrentValue(Display.java:58)
	at Display.validateDouble(Display.java:73)
	at Display.setCurrentValue(Display.java:58)
	at Display.validateDouble(Display.java:73)
	at Display.setCurrentValue(Display.java:58)
	at Display.validateDouble(Display.java:73)
	at Display.setCurrentValue(Display.java:58)
	at Display.validateDouble(Display.java:73)
	at Display.setCurrentValue(Display.java:58)
	at Display.validateDouble(Display.java:73)
	at Display.setCurrentValue(Display.java:58)
	at Display.validateDouble(Display.java:73)
	at Display.setCurrentValue(Display.java:58)
	at Display.validateDouble(Display.java:73)
	at Display.setCurrentValue(Display.java:58)
	at Display.validateDouble(Display.java:73)
	at Display.setCurrentValue(Display.java:58)
	at Display.validateDouble(Display.java:73)
	at Display.setCurrentValue(Display.java:58)
	at Display.validateDouble(Display.java:73)
	at Display.setCurrentValue(Display.java:58)
	at Display.validateDouble(Display.java:73)
	at Display.setCurrentValue(Display.java:58)
	at Display.validateDouble(Display.java:73)
	at Display.setCurrentValue(Display.java:58)
	at Display.validateDouble(Display.java:73)
	at Display.setCurrentValue(Display.java:58)
	at Display.validateDouble(Display.java:73)
	at Display.setCurrentValue(Display.java:58)
	at Display.validateDouble(Display.java:73)
	at Display.setCurrentValue(Display.java:58)
	at Display.validateDouble(Display.java:73)
	at Display.setCurrentValue(Display.java:58)
	at Display.validateDouble(Display.java:73)
	at Display.setCurrentValue(Display.java:58)
	at Display.validateDouble(Display.java:73)
	at Display.setCurrentValue(Display.java:58)
	at Display.validateDouble(Display.java:73)
	at Display.setCurrentValue(Display.java:58)
	at Display.validateDouble(Display.java:73)
	at Display.setCurrentValue(Display.java:58)
	at Display.validateDouble(Display.java:73)
	at Display.setCurrentValue(Display.java:58)
	at Display.validateDouble(Display.java:73)
	at Display.setCurrentValue(Display.java:58)
	at Display.validateDouble(Display.java:73)
	at Display.setCurrentValue(Display.java:58)
	at Display.validateDouble(Display.java:73)
	at Display.setCurrentValue(Display.java:58)
	at Display.validateDouble(Display.java:73)
	at Display.setCurrentValue(Display.java:58)
	at Display.validateDouble(Display.java:73)
	at Display.setCurrentValue(Display.java:58)
	at Display.validateDouble(Display.java:73)
	at Display.setCurrentValue(Display.java:58)
	at Display.validateDouble(Display.java:73)
	at Display.setCurrentValue(Display.java:58)
	at Display.validateDouble(Display.java:73)
	at Display.setCurrentValue(Display.java:58)
	at Display.validateDouble(Display.java:73)
	at Display.setCurrentValue(Display.java:58)
	at Display.validateDouble(Display.java:73)
	at Display.setCurrentValue(Display.java:58)
	at Display.validateDouble(Display.java:73)
	at Display.setCurrentValue(Display.java:58)
	at Display.validateDouble(Display.java:73)
	at Display.setCurrentValue(Display.java:58)
	at Display.validateDouble(Display.java:73)
	at Display.setCurrentValue(Display.java:58)
	at Display.validateDouble(Display.java:73)
	at Display.setCurrentValue(Display.java:58)
	at Display.validateDouble(Display.java:73)
	at Display.setCurrentValue(Display.java:58)
	at Display.validateDouble(Display.java:73)
	at Display.setCurrentValue(Display.java:58)
	at Display.validateDouble(Display.java:73)
	at Display.setCurrentValue(Display.java:58)
	at Display.validateDouble(Display.java:73)
	at Display.setCurrentValue(Display.java:58)
	at Display.validateDouble(Display.java:73)
	at Display.setCurrentValue(Display.java:58)
	at Display.validateDouble(Display.java:73)
	at Display.setCurrentValue(Display.java:58)
	at Display.validateDouble(Display.java:73)
	at Display.setCurrentValue(Display.java:58)
	at Display.validateDouble(Display.java:73)
	at Display.setCurrentValue(Display.java:58)
	at Display.validateDouble(Display.java:73)
	at Display.setCurrentValue(Display.java:58)
	at Display.validateDouble(Display.java:73)
	at Display.setCurrentValue(Display.java:58)
	at Display.validateDouble(Display.java:73)
	at Display.setCurrentValue(Display.java:58)
	at Display.validateDouble(Display.java:73)
	at Display.setCurrentValue(Display.java:58)
	at Display.validateDouble(Display.java:73)
	at Display.setCurrentValue(Display.java:58)
	at Display.validateDouble(Display.java:73)
	at Display.setCurrentValue(Display.java:58)
	at Display.validateDouble(Display.java:73)
	at Display.setCurrentValue(Display.java:58)
	at Display.validateDouble(Display.java:73)
	at Display.setCurrentValue(Display.java:58)
	at Display.validateDouble(Display.java:73)
	at Display.setCurrentValue(Display.java:58)
	at Display.validateDouble(Display.java:73)
	at Display.setCurrentValue(Display.java:58)
	at Display.validateDouble(Display.java:73)
	at Display.setCurrentValue(Display.java:58)
	at Display.validateDouble(Display.java:73)
	at Display.setCurrentValue(Display.java:58)
	at Display.validateDouble(Display.java:73)
	at Display.setCurrentValue(Display.java:58)
	at Display.validateDouble(Display.java:73)
	at Display.setCurrentValue(Display.java:58)
	at Display.validateDouble(Display.java:73)
	at Display.setCurrentValue(Display.java:58)
	at Display.validateDouble(Display.java:73)
	at Display.setCurrentValue(Display.java:58)
	at Display.validateDouble(Display.java:73)
	at Display.setCurrentValue(Display.java:58)
	at Display.validateDouble(Display.java:73)
	at Display.setCurrentValue(Display.java:58)
	at Display.validateDouble(Display.java:73)
	at Display.setCurrentValue(Display.java:58)
	at Display.validateDouble(Display.java:73)
	at Display.setCurrentValue(Display.java:58)
	at Display.validateDouble(Display.java:73)
	at Display.setCurrentValue(Display.java:58)
	at Display.validateDouble(Display.java:73)
	at Display.setCurrentValue(Display.java:58)
	at Display.validateDouble(Display.java:73)
	at Display.setCurrentValue(Display.java:58)
	at Display.validateDouble(Display.java:73)
	at Display.setCurrentValue(Display.java:58)
	at Display.validateDouble(Display.java:73)
	at Display.setCurrentValue(Display.java:58)
	at Display.validateDouble(Display.java:73)
	at Display.setCurrentValue(Display.java:58)
	at Display.validateDouble(Display.java:73)
	at Display.setCurrentValue(Display.java:58)
	at Display.validateDouble(Display.java:73)
	at Display.setCurrentValue(Display.java:58)
	at Display.validateDouble(Display.java:73)
	at Display.setCurrentValue(Display.java:58)
	at Display.validateDouble(Display.java:73)
	at Display.setCurrentValue(Display.java:58)
	at Display.validateDouble(Display.java:73)
	at Display.setCurrentValue(Display.java:58)
	at Display.validateDouble(Display.java:73)
	at Display.setCurrentValue(Display.java:58)
	at Display.validateDouble(Display.java:73)
	at Display.setCurrentValue(Display.java:58)
	at Display.validateDouble(Display.java:73)
	at Display.setCurrentValue(Display.java:58)
	at Display.validateDouble(Display.java:73)
	at Display.setCurrentValue(Display.java:58)
	at Display.validateDouble(Display.java:73)
	at Display.setCurrentValue(Display.java:58)
	at Display.validateDouble(Display.java:73)
	at Display.setCurrentValue(Display.java:58)
	at Display.validateDouble(Display.java:73)
	at Display.setCurrentValue(Display.java:58)
	at Display.validateDouble(Display.java:73)
	at Display.setCurrentValue(Display.java:58)
	at Display.validateDouble(Display.java:73)
	at Display.setCurrentValue(Display.java:58)
	at Display.validateDouble(Display.java:73)
	at Display.setCurrentValue(Display.java:58)
	at Display.validateDouble(Display.java:73)
	at Display.setCurrentValue(Display.java:58)
	at Display.validateDouble(Display.java:73)
	at Display.setCurrentValue(Display.java:58)
	at Display.validateDouble(Display.java:73)
	at Display.setCurrentValue(Display.java:58)
	at Display.validateDouble(Display.java:73)
	at Display.setCurrentValue(Display.java:58)
	at Display.validateDouble(Display.java:73)
	at Display.setCurrentValue(Display.java:58)
	at Display.validateDouble(Display.java:73)
	at Display.setCurrentValue(Display.java:58)
	at Display.validateDouble(Display.java:73)
	at Display.setCurrentValue(Display.java:58)
	at Display.validateDouble(Display.java:73)
	at Display.setCurrentValue(Display.java:58)
	at Display.validateDouble(Display.java:73)
	at Display.setCurrentValue(Display.java:58)
	at Display.validateDouble(Display.java:73)
	at Display.setCurrentValue(Display.java:58)
	at Display.validateDouble(Display.java:73)
	at Display.setCurrentValue(Display.java:58)
	at Display.validateDouble(Display.java:73)
	at Display.setCurrentValue(Display.java:58)
	at Display.validateDouble(Display.java:73)
	at Display.setCurrentValue(Display.java:58)
	at Display.validateDouble(Display.java:73)
	at Display.setCurrentValue(Display.java:58)
	at Display.validateDouble(Display.java:73)
	at Display.setCurrentValue(Display.java:58)
	at Display.validateDouble(Display.java:73)
	at Display.setCurrentValue(Display.java:58)
	at Display.validateDouble(Display.java:73)
	at Display.setCurrentValue(Display.java:58)
	at Display.validateDouble(Display.java:73)
	at Display.setCurrentValue(Display.java:58)
	at Display.validateDouble(Display.java:73)
	at Display.setCurrentValue(Display.java:58)
	at Display.validateDouble(Display.java:73)
	at Display.setCurrentValue(Display.java:58)
	at Display.validateDouble(Display.java:73)
	at Display.setCurrentValue(Display.java:58)
	at Display.validateDouble(Display.java:73)
	at Display.setCurrentValue(Display.java:58)
	at Display.validateDouble(Display.java:73)
	at Display.setCurrentValue(Display.java:58)
	at Display.validateDouble(Display.java:73)
	at Display.setCurrentValue(Display.java:58)
	at Display.validateDouble(Display.java:73)
	at Display.setCurrentValue(Display.java:58)
	at Display.validateDouble(Display.java:73)
	at Display.setCurrentValue(Display.java:58)
	at Display.validateDouble(Display.java:73)
	at Display.setCurrentValue(Display.java:58)
	at Display.validateDouble(Display.java:73)
	at Display.setCurrentValue(Display.java:58)
	at Display.validateDouble(Display.java:73)
	at Display.setCurrentValue(Display.java:58)
	at Display.validateDouble(Display.java:73)
	at Display.setCurrentValue(Display.java:58)
	at Display.validateDouble(Display.java:73)
	at Display.setCurrentValue(Display.java:58)
	at Display.validateDouble(Display.java:73)
	at Display.setCurrentValue(Display.java:58)
	at Display.validateDouble(Display.java:73)
	at Display.setCurrentValue(Display.java:58)
	at Display.validateDouble(Display.java:73)
	at Display.setCurrentValue(Display.java:58)
	at Display.validateDouble(Display.java:73)
	at Display.setCurrentValue(Display.java:58)
	at Display.validateDouble(Display.java:73)
	at Display.setCurrentValue(Display.java:58)
	at Display.validateDouble(Display.java:73)
	at Display.setCurrentValue(Display.java:58)
	at Display.validateDouble(Display.java:73)
	at Display.setCurrentValue(Display.java:58)
	at Display.validateDouble(Display.java:73)
	at Display.setCurrentValue(Display.java:58)
	at Display.validateDouble(Display.java:73)
	at Display.setCurrentValue(Display.java:58)
	at Display.validateDouble(Display.java:73)
	at Display.setCurrentValue(Display.java:58)
	at Display.validateDouble(Display.java:73)
	at Display.setCurrentValue(Display.java:58)
	at Display.validateDouble(Display.java:73)
	at Display.setCurrentValue(Display.java:58)
	at Display.validateDouble(Display.java:73)
	at Display.setCurrentValue(Display.java:58)
	at Display.validateDouble(Display.java:73)
	at Display.setCurrentValue(Display.java:58)
	at Display.validateDouble(Display.java:73)
	at Display.setCurrentValue(Display.java:58)
	at Display.validateDouble(Display.java:73)
	at Display.setCurrentValue(Display.java:58)
	at Display.validateDouble(Display.java:73)
	at Display.setCurrentValue(Display.java:58)
	at Display.validateDouble(Display.java:73)
	at Display.setCurrentValue(Display.java:58)
	at Display.validateDouble(Display.java:73)
	at Display.setCurrentValue(Display.java:58)
	at Display.validateDouble(Display.java:73)
	at Display.setCurrentValue(Display.java:58)
	at Display.validateDouble(Display.java:73)
	at Display.setCurrentValue(Display.java:58)
	at Display.validateDouble(Display.java:73)
	at Display.setCurrentValue(Display.java:58)
	at Display.validateDouble(Display.java:73)
	at Display.setCurrentValue(Display.java:58)
	at Display.validateDouble(Display.java:73)
	at Display.setCurrentValue(Display.java:58)
	at Display.validateDouble(Display.java:73)
	at Display.setCurrentValue(Display.java:58)
	at Display.validateDouble(Display.java:73)
	at Display.setCurrentValue(Display.java:58)
	at Display.validateDouble(Display.java:73)
	at Display.setCurrentValue(Display.java:58)
	at Display.validateDouble(Display.java:73)
	at Display.setCurrentValue(Display.java:58)
	at Display.validateDouble(Display.java:73)
	at Display.setCurrentValue(Display.java:58)
	at Display.validateDouble(Display.java:73)
	at Display.setCurrentValue(Display.java:58)
	at Display.validateDouble(Display.java:73)
	at Display.setCurrentValue(Display.java:58)
	at Display.validateDouble(Display.java:73)
	at Display.setCurrentValue(Display.java:58)
	at Display.validateDouble(Display.java:73)
	at Display.setCurrentValue(Display.java:58)
	at Display.validateDouble(Display.java:73)
	at Display.setCurrentValue(Display.java:58)
	at Display.validateDouble(Display.java:73)
	at Display.setCurrentValue(Display.java:58)
	at Display.validateDouble(Display.java:73)
	at Display.setCurrentValue(Display.java:58)
	at Display.validateDouble(Display.java:73)
	at Display.setCurrentValue(Display.java:58)
	at Display.validateDouble(Display.java:73)
	at Display.setCurrentValue(Display.java:58)
	at Display.validateDouble(Display.java:73)
	at Display.setCurrentValue(Display.java:58)
	at Display.validateDouble(Display.java:73)
	at Display.setCurrentValue(Display.java:58)
	at Display.validateDouble(Display.java:73)
	at Display.setCurrentValue(Display.java:58)
	at Display.validateDouble(Display.java:73)
	at Display.setCurrentValue(Display.java:58)
	at Display.validateDouble(Display.java:73)
	at Display.setCurrentValue(Display.java:58)
	at Display.validateDouble(Display.java:73)
	at Display.setCurrentValue(Display.java:58)
	at Display.validateDouble(Display.java:73)
	at Display.setCurrentValue(Display.java:58)
	at Display.validateDouble(Display.java:73)
	at Display.setCurrentValue(Display.java:58)
	at Display.validateDouble(Display.java:73)
	at Display.setCurrentValue(Display.java:58)
	at Display.validateDouble(Display.java:73)
	at Display.setCurrentValue(Display.java:58)
	at Display.validateDouble(Display.java:73)
	at Display.setCurrentValue(Display.java:58)
	at Display.validateDouble(Display.java:73)
	at Display.setCurrentValue(Display.java:58)
	at Display.validateDouble(Display.java:73)
	at Display.setCurrentValue(Display.java:58)
	at Display.validateDouble(Display.java:73)
	at Display.setCurrentValue(Display.java:58)
	at Display.validateDouble(Display.java:73)
	at Display.setCurrentValue(Display.java:58)
	at Display.validateDouble(Display.java:73)
	at Display.setCurrentValue(Display.java:58)
	at Display.validateDouble(Display.java:73)
	at Display.setCurrentValue(Display.java:58)
	at Display.validateDouble(Display.java:73)
	at Display.setCurrentValue(Display.java:58)
	at Display.validateDouble(Display.java:73)
	at Display.setCurrentValue(Display.java:58)
	at Display.validateDouble(Display.java:73)
	at Display.setCurrentValue(Display.java:58)
	at Display.validateDouble(Display.java:73)
	at Display.setCurrentValue(Display.java:58)
	at Display.validateDouble(Display.java:73)
	at Display.setCurrentValue(Display.java:58)
	at Display.validateDouble(Display.java:73)
	at Display.setCurrentValue(Display.java:58)
	at Display.validateDouble(Display.java:73)
	at Display.setCurrentValue(Display.java:58)
	at Display.validateDouble(Display.java:73)
	at Display.setCurrentValue(Display.java:58)
	at Display.validateDouble(Display.java:73)
	at Display.setCurrentValue(Display.java:58)
	at Display.validateDouble(Display.java:73)
	at Display.setCurrentValue(Display.java:58)
	at Display.validateDouble(Display.java:73)
	at Display.setCurrentValue(Display.java:58)
	at Display.validateDouble(Display.java:73)
	at Display.setCurrentValue(Display.java:58)
	at Display.validateDouble(Display.java:73)
	at Display.setCurrentValue(Display.java:58)
	at Display.validateDouble(Display.java:73)
	at Display.setCurrentValue(Display.java:58)
	at Display.validateDouble(Display.java:73)
	at Display.setCurrentValue(Display.java:58)
	at Display.validateDouble(Display.java:73)
	at Display.setCurrentValue(Display.java:58)
	at Display.validateDouble(Display.java:73)
	at Display.setCurrentValue(Display.java:58)
	at Display.validateDouble(Display.java:73)
	at Display.setCurrentValue(Display.java:58)
	at Display.validateDouble(Display.java:73)
	at Display.setCurrentValue(Display.java:58)
	at Display.validateDouble(Display.java:73)
	at Display.setCurrentValue(Display.java:58)
	at Display.validateDouble(Display.java:73)
	at Display.setCurrentValue(Display.java:58)
	at Display.validateDouble(Display.java:73)
	at Display.setCurrentValue(Display.java:58)
	at Display.validateDouble(Display.java:73)
	at Display.setCurrentValue(Display.java:58)
	at Display.validateDouble(Display.java:73)
	at Display.setCurrentValue(Display.java:58)
	at Display.validateDouble(Display.java:73)
	at Display.setCurrentValue(Display.java:58)
	at Display.validateDouble(Display.java:73)
	at Display.setCurrentValue(Display.java:58)
	at Display.validateDouble(Display.java:73)
	at Display.setCurrentValue(Display.java:58)
	at Display.validateDouble(Display.java:73)
	at Display.setCurrentValue(Display.java:58)
	at Display.validateDouble(Display.java:73)
	at Display.setCurrentValue(Display.java:58)
	at Display.validateDouble(Display.java:73)
	at Display.setCurrentValue(Display.java:58)
	at Display.validateDouble(Display.java:73)
	at Display.setCurrentValue(Display.java:58)
	at Display.validateDouble(Display.java:73)
	at Display.setCurrentValue(Display.java:58)
	at Display.validateDouble(Display.java:73)
	at Display.setCurrentValue(Display.java:58)
	at Display.validateDouble(Display.java:73)
	at Display.setCurrentValue(Display.java:58)
	at Display.validateDouble(Display.java:73)
	at Display.setCurrentValue(Display.java:58)
	at Display.validateDouble(Display.java:73)
	at Display.setCurrentValue(Display.java:58)
	at Display.validateDouble(Display.java:73)
	at Display.setCurrentValue(Display.java:58)
	at Display.validateDouble(Display.java:73)
	at Display.setCurrentValue(Display.java:58)
	at Display.validateDouble(Display.java:73)
	at Display.setCurrentValue(Display.java:58)
	at Display.validateDouble(Display.java:73)
	at Display.setCurrentValue(Display.java:58)
	at Display.validateDouble(Display.java:73)
	at Display.setCurrentValue(Display.java:58)
	at Display.validateDouble(Display.java:73)
	at Display.setCurrentValue(Display.java:58)
	at Display.validateDouble(Display.java:73)
	at Display.setCurrentValue(Display.java:58)
	at Display.validateDouble(Display.java:73)
	at Display.setCurrentValue(Display.java:58)
	at Display.validateDouble(Display.java:73)
	at Display.setCurrentValue(Display.java:58)
	at Display.validateDouble(Display.java:73)
	at Display.setCurrentValue(Display.java:58)
	at Display.validateDouble(Display.java:73)
	at Display.setCurrentValue(Display.java:58)
	at Display.validateDouble(Display.java:73)
	at Display.setCurrentValue(Display.java:58)
	at Display.validateDouble(Display.java:73)
	at Display.setCurrentValue(Display.java:58)
	at Display.validateDouble(Display.java:73)
	at Display.setCurrentValue(Display.java:58)
	at Display.validateDouble(Display.java:73)
	at Display.setCurrentValue(Display.java:58)
	at Display.validateDouble(Display.java:73)
	at Display.setCurrentValue(Display.java:58)
	at Display.validateDouble(Display.java:73)
	at Display.setCurrentValue(Display.java:58)
	at Display.validateDouble(Display.java:73)
	at Display.setCurrentValue(Display.java:58)
	at Display.validateDouble(Display.java:73)
	at Display.setCurrentValue(Display.java:58)
	at Display.validateDouble(Display.java:73)
	at Display.setCurrentValue(Display.java:58)
	at Display.validateDouble(Display.java:73)
	at Display.setCurrentValue(Display.java:58)
	at Display.validateDouble(Display.java:73)
	at Display.setCurrentValue(Display.java:58)
	at Display.validateDouble(Display.java:73)
	at Display.setCurrentValue(Display.java:58)
	at Display.validateDouble(Display.java:73)
	at Display.setCurrentValue(Display.java:58)
	at Display.validateDouble(Display.java:73)
	at Display.setCurrentValue(Display.java:58)
	at Display.validateDouble(Display.java:73)
	at Display.setCurrentValue(Display.java:58)
	at Display.validateDouble(Display.java:73)
	at Display.setCurrentValue(Display.java:58)
	at Display.validateDouble(Display.java:73)
	at Display.setCurrentValue(Display.java:58)
	at Display.validateDouble(Display.java:73)
	at Display.setCurrentValue(Display.java:58)
	at Display.validateDouble(Display.java:73)
	at Display.setCurrentValue(Display.java:58)
	at Display.validateDouble(Display.java:73)
	at Display.setCurrentValue(Display.java:58)
	at Display.validateDouble(Display.java:73)
	at Display.setCurrentValue(Display.java:58)
	at Display.validateDouble(Display.java:73)
	at Display.setCurrentValue(Display.java:58)
	at Display.validateDouble(Display.java:73)
	at Display.setCurrentValue(Display.java:58)
	at Display.validateDouble(Display.java:73)
	at Display.setCurrentValue(Display.java:58)
	at Display.validateDouble(Display.java:73)
	at Display.setCurrentValue(Display.java:58)
	at Display.validateDouble(Display.java:73)
	at Display.setCurrentValue(Display.java:58)
	at Display.validateDouble(Display.java:73)
	at Display.setCurrentValue(Display.java:58)
	at Display.validateDouble(Display.java:73)
	at Display.setCurrentValue(Display.java:58)
	at Display.validateDouble(Display.java:73)
	at Display.setCurrentValue(Display.java:58)
	at Display.validateDouble(Display.java:73)
	at Display.setCurrentValue(Display.java:58)
	at Display.validateDouble(Display.java:73)
	at Display.setCurrentValue(Display.java:58)
	at Display.validateDouble(Display.java:73)
	at Display.setCurrentValue(Display.java:58)
	at Display.validateDouble(Display.java:73)
	at Display.setCurrentValue(Display.java:58)
	at Display.validateDouble(Display.java:73)
	at Display.setCurrentValue(Display.java:58)
	at Display.validateDouble(Display.java:73)
	at Display.setCurrentValue(Display.java:58)
	at Display.validateDouble(Display.java:73)
	at Display.setCurrentValue(Display.java:58)
	at Display.validateDouble(Display.java:73)
	at Display.setCurrentValue(Display.java:58)
	at Display.validateDouble(Display.java:73)
	at Display.setCurrentValue(Display.java:58)
	at Display.validateDouble(Display.java:73)
	at Display.setCurrentValue(Display.java:58)
	at Display.validateDouble(Display.java:73)
	at Display.setCurrentValue(Display.java:58)
	at Display.validateDouble(Display.java:73)
	at Display.setCurrentValue(Display.java:58)
	at Display.validateDouble(Display.java:73)
	at Display.setCurrentValue(Display.java:58)
	at Display.validateDouble(Display.java:73)
	at Display.setCurrentValue(Display.java:58)
	at Display.validateDouble(Display.java:73)
	at Display.setCurrentValue(Display.java:58)
	at Display.validateDouble(Display.java:73)
	at Display.setCurrentValue(Display.java:58)
	at Display.validateDouble(Display.java:73)
	at Display.setCurrentValue(Display.java:58)
	at Display.validateDouble(Display.java:73)
	at Display.setCurrentValue(Display.java:58)
	at Display.validateDouble(Display.java:73)
	at Display.setCurrentValue(Display.java:58)
	at Display.validateDouble(Display.java:73)
	at Display.setCurrentValue(Display.java:58)
	at Display.validateDouble(Display.java:73)
	at Display.setCurrentValue(Display.java:58)
	at Display.validateDouble(Display.java:73)
	at Display.setCurrentValue(Display.java:58)
	at Display.validateDouble(Display.java:73)
	at Display.setCurrentValue(Display.java:58)
	at Display.validateDouble(Display.java:73)
	at Display.setCurrentValue(Display.java:58)
	at Display.validateDouble(Display.java:73)
	at Display.setCurrentValue(Display.java:58)
	at Display.validateDouble(Display.java:73)
	at Display.setCurrentValue(Display.java:58)
	at Display.validateDouble(Display.java:73)
	at Display.setCurrentValue(Display.java:58)
	at Display.validateDouble(Display.java:73)
	at Display.setCurrentValue(Display.java:58)
	at Display.validateDouble(Display.java:73)
	at Display.setCurrentValue(Display.java:58)
	at Display.validateDouble(Display.java:73)
	at Display.setCurrentValue(Display.java:58)
	at Display.validateDouble(Display.java:73)
	at Display.setCurrentValue(Display.java:58)
	at Display.validateDouble(Display.java:73)
	at Display.setCurrentValue(Display.java:58)
	at Display.validateDouble(Display.java:73)
	at Display.setCurrentValue(Display.java:58)
	at Display.validateDouble(Display.java:73)
	at Display.setCurrentValue(Display.java:58)
	at Display.validateDouble(Display.java:73)
	at Display.setCurrentValue(Display.java:58)
	at Display.validateDouble(Display.java:73)
	at Display.setCurrentValue(Display.java:58)
	at Display.validateDouble(Display.java:73)
	at Display.setCurrentValue(Display.java:58)
	at Display.validateDouble(Display.java:73)
	at Display.setCurrentValue(Display.java:58)
	at Display.validateDouble(Display.java:73)
	at Display.setCurrentValue(Display.java:58)
	at Display.validateDouble(Display.java:73)
	at Display.setCurrentValue(Display.java:58)
	at Display.validateDouble(Display.java:73)
	at Display.setCurrentValue(Display.java:58)
	at Display.validateDouble(Display.java:73)
	at Display.setCurrentValue(Display.java:58)
	at Display.validateDouble(Display.java:73)
	at Display.setCurrentValue(Display.java:58)
	at Display.validateDouble(Display.java:73)
	at Display.setCurrentValue(Display.java:58)
	at Display.validateDouble(Display.java:73)
	at Display.setCurrentValue(Display.java:58)
	at Display.validateDouble(Display.java:73)
	at Display.setCurrentValue(Display.java:58)
	at Display.validateDouble(Display.java:73)
	at Display.setCurrentValue(Display.java:58)
	at Display.validateDouble(Display.java:73)
	at Display.setCurrentValue(Display.java:58)
	at Display.validateDouble(Display.java:73)
	at Display.setCurrentValue(Display.java:58)
	at Display.validateDouble(Display.java:73)
	at Display.setCurrentValue(Display.java:58)
	at Display.validateDouble(Display.java:73)
	at Display.setCurrentValue(Display.java:58)
	at Display.validateDouble(Display.java:73)
	at Display.setCurrentValue(Display.java:58)
	at Display.validateDouble(Display.java:73)
	at Display.setCurrentValue(Display.java:58)
	at Display.validateDouble(Display.java:73)
	at Display.setCurrentValue(Display.java:58)
	at Display.validateDouble(Display.java:73)
	at Display.setCurrentValue(Display.java:58)
	at Display.validateDouble(Display.java:73)
	at Display.setCurrentValue(Display.java:58)
	at Display.validateDouble(Display.java:73)
	at Display.setCurrentValue(Display.java:58)
	at Display.validateDouble(Display.java:73)
	at Display.setCurrentValue(Display.java:58)
	at Display.validateDouble(Display.java:73)
	at Display.setCurrentValue(Display.java:58)
	at Display.validateDouble(Display.java:73)
	at Display.setCurrentValue(Display.java:58)
	at Display.validateDouble(Display.java:73)
	at Display.setCurrentValue(Display.java:58)
	at Display.validateDouble(Display.java:73)
	at Display.setCurrentValue(Display.java:58)
	at Display.validateDouble(Display.java:73)
	at Display.setCurrentValue(Display.java:58)
	at Display.validateDouble(Display.java:73)
	at Display.setCurrentValue(Display.java:58)
	at Display.validateDouble(Display.java:73)
	at Display.setCurrentValue(Display.java:58)
	at Display.validateDouble(Display.java:73)
	at Display.setCurrentValue(Display.java:58)
	at Display.validateDouble(Display.java:73)
	at Display.setCurrentValue(Display.java:58)
	at Display.validateDouble(Display.java:73)
	at Display.setCurrentValue(Display.java:58)
	at Display.validateDouble(Display.java:73)
	at Display.setCurrentValue(Display.java:58)
	at Display.validateDouble(Display.java:73)
	at Display.setCurrentValue(Display.java:58)
	at Display.validateDouble(Display.java:73)
	at Display.setCurrentValue(Display.java:58)
	at Display.validateDouble(Display.java:73)
	at Display.setCurrentValue(Display.java:58)
	at Display.validateDouble(Display.java:73)
	at Display.setCurrentValue(Display.java:58)
	at Display.validateDouble(Display.java:73)
	at Display.setCurrentValue(Display.java:58)
	at Display.validateDouble(Display.java:73)
	at Display.setCurrentValue(Display.java:58)
	at Display.validateDouble(Display.java:73)
	at Display.setCurrentValue(Display.java:58)
	at Display.validateDouble(Display.java:73)
	at Display.setCurrentValue(Display.java:58)
	at Display.validateDouble(Display.java:73)
	at Display.setCurrentValue(Display.java:58)
	at Display.validateDouble(Display.java:73)
	at Display.setCurrentValue(Display.java:58)
	at Display.validateDouble(Display.java:73)
	at Display.setCurrentValue(Display.java:58)
	at Display.validateDouble(Display.java:73)
	at Display.setCurrentValue(Display.java:58)
	at Display.validateDouble(Display.java:73)
	at Display.setCurrentValue(Display.java:58)
	at Display.validateDouble(Display.java:73)
	at Display.setCurrentValue(Display.java:58)
	at Display.validateDouble(Display.java:73)
	at Display.setCurrentValue(Display.java:58)
	at Display.validateDouble(Display.java:73)
	at Display.setCurrentValue(Display.java:58)
	at Display.validateDouble(Display.java:73)
	at Display.setCurrentValue(Display.java:58)
	at Display.validateDouble(Display.java:73)
	at Display.setCurrentValue(Display.java:58)
	at Display.validateDouble(Display.java:73)
	at Display.setCurrentValue(Display.java:58)
	at Display.validateDouble(Display.java:73)
	at Display.setCurrentValue(Display.java:58)
	at Display.validateDouble(Display.java:73)
	at Display.setCurrentValue(Display.java:58)
	at Display.validateDouble(Display.java:73)
	at Display.setCurrentValue(Display.java:58)
	at Display.validateDouble(Display.java:73)
	at Display.setCurrentValue(Display.java:58)
	at Display.validateDouble(Display.java:73)
	at Display.setCurrentValue(Display.java:58)
	at Display.validateDouble(Display.java:73)
	at Display.setCurrentValue(Display.java:58)
	at Display.validateDouble(Display.java:73)
	at Display.setCurrentValue(Display.java:58)
	at Display.validateDouble(Display.java:73)
	at Display.setCurrentValue(Display.java:58)
	at Display.validateDouble(Display.java:73)
	at Display.setCurrentValue(Display.java:58)
	at Display.validateDouble(Display.java:73)
	at Display.setCurrentValue(Display.java:58)
	at Display.validateDouble(Display.java:73)
	at Display.setCurrentValue(Display.java:58)
	at Display.validateDouble(Display.java:73)
	at Display.setCurrentValue(Display.java:58)
	at Display.validateDouble(Display.java:73)
	at Display.setCurrentValue(Display.java:58)
	at Display.validateDouble(Display.java:73)
	at Display.setCurrentValue(Display.java:58)
	at Display.validateDouble(Display.java:73)
	at Display.setCurrentValue(Display.java:58)
	at Display.validateDouble(Display.java:73)
	at Display.setCurrentValue(Display.java:58)
	at Display.validateDouble(Display.java:73)
	at Display.setCurrentValue(Display.java:58)
	at Display.validateDouble(Display.java:73)
	at Display.setCurrentValue(Display.java:58)
	at Display.validateDouble(Display.java:73)
	at Display.setCurrentValue(Display.java:58)
	at Display.validateDouble(Display.java:73)
	at Display.setCurrentValue(Display.java:58)
	at Display.validateDouble(Display.java:73)
	at Display.setCurrentValue(Display.java:58)
	at Display.validateDouble(Display.java:73)
	at Display.setCurrentValue(Display.java:58)
	at Display.validateDouble(Display.java:73)
	at Display.setCurrentValue(Display.java:58)
	at Display.validateDouble(Display.java:73)
	at Display.setCurrentValue(Display.java:58)
	at Display.validateDouble(Display.java:73)
	at Display.setCurrentValue(Display.java:58)
	at Display.validateDouble(Display.java:73)
	at Display.setCurrentValue(Display.java:58)
	at Display.validateDouble(Display.java:73)
	at Display.setCurrentValue(Display.java:58)
	at Display.validateDouble(Display.java:73)
	at Display.setCurrentValue(Display.java:58)
	at Display.validateDouble(Display.java:73)
	at Display.setCurrentValue(Display.java:58)
	at Display.validateDouble(Display.java:73)
	at Display.setCurrentValue(Display.java:58)
	at Display.validateDouble(Display.java:73)
	at Display.setCurrentValue(Display.java:58)
	at Display.validateDouble(Display.java:73)
	at Display.setCurrentValue(Display.java:58)
	at Display.validateDouble(Display.java:73)
	at Display.setCurrentValue(Display.java:58)
	at Display.validateDouble(Display.java:73)
	at Display.setCurrentValue(Display.java:58)
	at Display.validateDouble(Display.java:73)
	at Display.setCurrentValue(Display.java:58)
	at Display.validateDouble(Display.java:73)
	at Display.setCurrentValue(Display.java:58)
	at Display.validateDouble(Display.java:73)
	at Display.setCurrentValue(Display.java:58)
	at Display.validateDouble(Display.java:73)
	at Display.setCurrentValue(Display.java:58)
	at Display.validateDouble(Display.java:73)
	at Display.setCurrentValue(Display.java:58)
	at Display.validateDouble(Display.java:73)
	at Display.setCurrentValue(Display.java:58)
	at Display.validateDouble(Display.java:73)
	at Display.setCurrentValue(Display.java:58)
	at Display.validateDouble(Display.java:73)
	at Display.setCurrentValue(Display.java:58)
	at Display.validateDouble(Display.java:73)
	at Display.setCurrentValue(Display.java:58)
	at Display.validateDouble(Display.java:73)
	at Display.setCurrentValue(Display.java:58)
	at Display.validateDouble(Display.java:73)
	at Display.setCurrentValue(Display.java:58)
	at Display.validateDouble(Display.java:73)
	at Display.setCurrentValue(Display.java:58)
	at Display.validateDouble(Display.java:73)
	at Display.setCurrentValue(Display.java:58)
	at Display.validateDouble(Display.java:73)
	at Display.setCurrentValue(Display.java:58)
	at Display.validateDouble(Display.java:73)
	at Display.setCurrentValue(Display.java:58)
	at Display.validateDouble(Display.java:73)
	at Display.setCurrentValue(Display.java:58)
	at Display.validateDouble(Display.java:73)
	at Display.setCurrentValue(Display.java:58)
	at Display.validateDouble(Display.java:73)
	at Display.setCurrentValue(Display.java:58)
	at Display.validateDouble(Display.java:73)
	at Display.setCurrentValue(Display.java:58)
	at Display.validateDouble(Display.java:73)
	at Display.setCurrentValue(Display.java:58)
	at Display.validateDouble(Display.java:73)

testSetValue(TestDisplay)  Time elapsed: 0.017 sec  <<< ERROR!
java.lang.StackOverflowError
	at sun.misc.FloatingDecimal.readJavaFormatString(FloatingDecimal.java:1838)
	at sun.misc.FloatingDecimal.parseDouble(FloatingDecimal.java:110)
	at java.lang.Double.parseDouble(Double.java:538)
	at Display.validateDouble(Display.java:72)
	at Display.setCurrentValue(Display.java:58)
	at Display.validateDouble(Display.java:73)
	at Display.setCurrentValue(Display.java:58)
	at Display.validateDouble(Display.java:73)
	at Display.setCurrentValue(Display.java:58)
	at Display.validateDouble(Display.java:73)
	at Display.setCurrentValue(Display.java:58)
	at Display.validateDouble(Display.java:73)
	at Display.setCurrentValue(Display.java:58)
	at Display.validateDouble(Display.java:73)
	at Display.setCurrentValue(Display.java:58)
	at Display.validateDouble(Display.java:73)
	at Display.setCurrentValue(Display.java:58)
	at Display.validateDouble(Display.java:73)
	at Display.setCurrentValue(Display.java:58)
	at Display.validateDouble(Display.java:73)
	at Display.setCurrentValue(Display.java:58)
	at Display.validateDouble(Display.java:73)
	at Display.setCurrentValue(Display.java:58)
	at Display.validateDouble(Display.java:73)
	at Display.setCurrentValue(Display.java:58)
	at Display.validateDouble(Display.java:73)
	at Display.setCurrentValue(Display.java:58)
	at Display.validateDouble(Display.java:73)
	at Display.setCurrentValue(Display.java:58)
	at Display.validateDouble(Display.java:73)
	at Display.setCurrentValue(Display.java:58)
	at Display.validateDouble(Display.java:73)
	at Display.setCurrentValue(Display.java:58)
	at Display.validateDouble(Display.java:73)
	at Display.setCurrentValue(Display.java:58)
	at Display.validateDouble(Display.java:73)
	at Display.setCurrentValue(Display.java:58)
	at Display.validateDouble(Display.java:73)
	at Display.setCurrentValue(Display.java:58)
	at Display.validateDouble(Display.java:73)
	at Display.setCurrentValue(Display.java:58)
	at Display.validateDouble(Display.java:73)
	at Display.setCurrentValue(Display.java:58)
	at Display.validateDouble(Display.java:73)
	at Display.setCurrentValue(Display.java:58)
	at Display.validateDouble(Display.java:73)
	at Display.setCurrentValue(Display.java:58)
	at Display.validateDouble(Display.java:73)
	at Display.setCurrentValue(Display.java:58)
	at Display.validateDouble(Display.java:73)
	at Display.setCurrentValue(Display.java:58)
	at Display.validateDouble(Display.java:73)
	at Display.setCurrentValue(Display.java:58)
	at Display.validateDouble(Display.java:73)
	at Display.setCurrentValue(Display.java:58)
	at Display.validateDouble(Display.java:73)
	at Display.setCurrentValue(Display.java:58)
	at Display.validateDouble(Display.java:73)
	at Display.setCurrentValue(Display.java:58)
	at Display.validateDouble(Display.java:73)
	at Display.setCurrentValue(Display.java:58)
	at Display.validateDouble(Display.java:73)
	at Display.setCurrentValue(Display.java:58)
	at Display.validateDouble(Display.java:73)
	at Display.setCurrentValue(Display.java:58)
	at Display.validateDouble(Display.java:73)
	at Display.setCurrentValue(Display.java:58)
	at Display.validateDouble(Display.java:73)
	at Display.setCurrentValue(Display.java:58)
	at Display.validateDouble(Display.java:73)
	at Display.setCurrentValue(Display.java:58)
	at Display.validateDouble(Display.java:73)
	at Display.setCurrentValue(Display.java:58)
	at Display.validateDouble(Display.java:73)
	at Display.setCurrentValue(Display.java:58)
	at Display.validateDouble(Display.java:73)
	at Display.setCurrentValue(Display.java:58)
	at Display.validateDouble(Display.java:73)
	at Display.setCurrentValue(Display.java:58)
	at Display.validateDouble(Display.java:73)
	at Display.setCurrentValue(Display.java:58)
	at Display.validateDouble(Display.java:73)
	at Display.setCurrentValue(Display.java:58)
	at Display.validateDouble(Display.java:73)
	at Display.setCurrentValue(Display.java:58)
	at Display.validateDouble(Display.java:73)
	at Display.setCurrentValue(Display.java:58)
	at Display.validateDouble(Display.java:73)
	at Display.setCurrentValue(Display.java:58)
	at Display.validateDouble(Display.java:73)
	at Display.setCurrentValue(Display.java:58)
	at Display.validateDouble(Display.java:73)
	at Display.setCurrentValue(Display.java:58)
	at Display.validateDouble(Display.java:73)
	at Display.setCurrentValue(Display.java:58)
	at Display.validateDouble(Display.java:73)
	at Display.setCurrentValue(Display.java:58)
	at Display.validateDouble(Display.java:73)
	at Display.setCurrentValue(Display.java:58)
	at Display.validateDouble(Display.java:73)
	at Display.setCurrentValue(Display.java:58)
	at Display.validateDouble(Display.java:73)
	at Display.setCurrentValue(Display.java:58)
	at Display.validateDouble(Display.java:73)
	at Display.setCurrentValue(Display.java:58)
	at Display.validateDouble(Display.java:73)
	at Display.setCurrentValue(Display.java:58)
	at Display.validateDouble(Display.java:73)
	at Display.setCurrentValue(Display.java:58)
	at Display.validateDouble(Display.java:73)
	at Display.setCurrentValue(Display.java:58)
	at Display.validateDouble(Display.java:73)
	at Display.setCurrentValue(Display.java:58)
	at Display.validateDouble(Display.java:73)
	at Display.setCurrentValue(Display.java:58)
	at Display.validateDouble(Display.java:73)
	at Display.setCurrentValue(Display.java:58)
	at Display.validateDouble(Display.java:73)
	at Display.setCurrentValue(Display.java:58)
	at Display.validateDouble(Display.java:73)
	at Display.setCurrentValue(Display.java:58)
	at Display.validateDouble(Display.java:73)
	at Display.setCurrentValue(Display.java:58)
	at Display.validateDouble(Display.java:73)
	at Display.setCurrentValue(Display.java:58)
	at Display.validateDouble(Display.java:73)
	at Display.setCurrentValue(Display.java:58)
	at Display.validateDouble(Display.java:73)
	at Display.setCurrentValue(Display.java:58)
	at Display.validateDouble(Display.java:73)
	at Display.setCurrentValue(Display.java:58)
	at Display.validateDouble(Display.java:73)
	at Display.setCurrentValue(Display.java:58)
	at Display.validateDouble(Display.java:73)
	at Display.setCurrentValue(Display.java:58)
	at Display.validateDouble(Display.java:73)
	at Display.setCurrentValue(Display.java:58)
	at Display.validateDouble(Display.java:73)
	at Display.setCurrentValue(Display.java:58)
	at Display.validateDouble(Display.java:73)
	at Display.setCurrentValue(Display.java:58)
	at Display.validateDouble(Display.java:73)
	at Display.setCurrentValue(Display.java:58)
	at Display.validateDouble(Display.java:73)
	at Display.setCurrentValue(Display.java:58)
	at Display.validateDouble(Display.java:73)
	at Display.setCurrentValue(Display.java:58)
	at Display.validateDouble(Display.java:73)
	at Display.setCurrentValue(Display.java:58)
	at Display.validateDouble(Display.java:73)
	at Display.setCurrentValue(Display.java:58)
	at Display.validateDouble(Display.java:73)
	at Display.setCurrentValue(Display.java:58)
	at Display.validateDouble(Display.java:73)
	at Display.setCurrentValue(Display.java:58)
	at Display.validateDouble(Display.java:73)
	at Display.setCurrentValue(Display.java:58)
	at Display.validateDouble(Display.java:73)
	at Display.setCurrentValue(Display.java:58)
	at Display.validateDouble(Display.java:73)
	at Display.setCurrentValue(Display.java:58)
	at Display.validateDouble(Display.java:73)
	at Display.setCurrentValue(Display.java:58)
	at Display.validateDouble(Display.java:73)
	at Display.setCurrentValue(Display.java:58)
	at Display.validateDouble(Display.java:73)
	at Display.setCurrentValue(Display.java:58)
	at Display.validateDouble(Display.java:73)
	at Display.setCurrentValue(Display.java:58)
	at Display.validateDouble(Display.java:73)
	at Display.setCurrentValue(Display.java:58)
	at Display.validateDouble(Display.java:73)
	at Display.setCurrentValue(Display.java:58)
	at Display.validateDouble(Display.java:73)
	at Display.setCurrentValue(Display.java:58)
	at Display.validateDouble(Display.java:73)
	at Display.setCurrentValue(Display.java:58)
	at Display.validateDouble(Display.java:73)
	at Display.setCurrentValue(Display.java:58)
	at Display.validateDouble(Display.java:73)
	at Display.setCurrentValue(Display.java:58)
	at Display.validateDouble(Display.java:73)
	at Display.setCurrentValue(Display.java:58)
	at Display.validateDouble(Display.java:73)
	at Display.setCurrentValue(Display.java:58)
	at Display.validateDouble(Display.java:73)
	at Display.setCurrentValue(Display.java:58)
	at Display.validateDouble(Display.java:73)
	at Display.setCurrentValue(Display.java:58)
	at Display.validateDouble(Display.java:73)
	at Display.setCurrentValue(Display.java:58)
	at Display.validateDouble(Display.java:73)
	at Display.setCurrentValue(Display.java:58)
	at Display.validateDouble(Display.java:73)
	at Display.setCurrentValue(Display.java:58)
	at Display.validateDouble(Display.java:73)
	at Display.setCurrentValue(Display.java:58)
	at Display.validateDouble(Display.java:73)
	at Display.setCurrentValue(Display.java:58)
	at Display.validateDouble(Display.java:73)
	at Display.setCurrentValue(Display.java:58)
	at Display.validateDouble(Display.java:73)
	at Display.setCurrentValue(Display.java:58)
	at Display.validateDouble(Display.java:73)
	at Display.setCurrentValue(Display.java:58)
	at Display.validateDouble(Display.java:73)
	at Display.setCurrentValue(Display.java:58)
	at Display.validateDouble(Display.java:73)
	at Display.setCurrentValue(Display.java:58)
	at Display.validateDouble(Display.java:73)
	at Display.setCurrentValue(Display.java:58)
	at Display.validateDouble(Display.java:73)
	at Display.setCurrentValue(Display.java:58)
	at Display.validateDouble(Display.java:73)
	at Display.setCurrentValue(Display.java:58)
	at Display.validateDouble(Display.java:73)
	at Display.setCurrentValue(Display.java:58)
	at Display.validateDouble(Display.java:73)
	at Display.setCurrentValue(Display.java:58)
	at Display.validateDouble(Display.java:73)
	at Display.setCurrentValue(Display.java:58)
	at Display.validateDouble(Display.java:73)
	at Display.setCurrentValue(Display.java:58)
	at Display.validateDouble(Display.java:73)
	at Display.setCurrentValue(Display.java:58)
	at Display.validateDouble(Display.java:73)
	at Display.setCurrentValue(Display.java:58)
	at Display.validateDouble(Display.java:73)
	at Display.setCurrentValue(Display.java:58)
	at Display.validateDouble(Display.java:73)
	at Display.setCurrentValue(Display.java:58)
	at Display.validateDouble(Display.java:73)
	at Display.setCurrentValue(Display.java:58)
	at Display.validateDouble(Display.java:73)
	at Display.setCurrentValue(Display.java:58)
	at Display.validateDouble(Display.java:73)
	at Display.setCurrentValue(Display.java:58)
	at Display.validateDouble(Display.java:73)
	at Display.setCurrentValue(Display.java:58)
	at Display.validateDouble(Display.java:73)
	at Display.setCurrentValue(Display.java:58)
	at Display.validateDouble(Display.java:73)
	at Display.setCurrentValue(Display.java:58)
	at Display.validateDouble(Display.java:73)
	at Display.setCurrentValue(Display.java:58)
	at Display.validateDouble(Display.java:73)
	at Display.setCurrentValue(Display.java:58)
	at Display.validateDouble(Display.java:73)
	at Display.setCurrentValue(Display.java:58)
	at Display.validateDouble(Display.java:73)
	at Display.setCurrentValue(Display.java:58)
	at Display.validateDouble(Display.java:73)
	at Display.setCurrentValue(Display.java:58)
	at Display.validateDouble(Display.java:73)
	at Display.setCurrentValue(Display.java:58)
	at Display.validateDouble(Display.java:73)
	at Display.setCurrentValue(Display.java:58)
	at Display.validateDouble(Display.java:73)
	at Display.setCurrentValue(Display.java:58)
	at Display.validateDouble(Display.java:73)
	at Display.setCurrentValue(Display.java:58)
	at Display.validateDouble(Display.java:73)
	at Display.setCurrentValue(Display.java:58)
	at Display.validateDouble(Display.java:73)
	at Display.setCurrentValue(Display.java:58)
	at Display.validateDouble(Display.java:73)
	at Display.setCurrentValue(Display.java:58)
	at Display.validateDouble(Display.java:73)
	at Display.setCurrentValue(Display.java:58)
	at Display.validateDouble(Display.java:73)
	at Display.setCurrentValue(Display.java:58)
	at Display.validateDouble(Display.java:73)
	at Display.setCurrentValue(Display.java:58)
	at Display.validateDouble(Display.java:73)
	at Display.setCurrentValue(Display.java:58)
	at Display.validateDouble(Display.java:73)
	at Display.setCurrentValue(Display.java:58)
	at Display.validateDouble(Display.java:73)
	at Display.setCurrentValue(Display.java:58)
	at Display.validateDouble(Display.java:73)
	at Display.setCurrentValue(Display.java:58)
	at Display.validateDouble(Display.java:73)
	at Display.setCurrentValue(Display.java:58)
	at Display.validateDouble(Display.java:73)
	at Display.setCurrentValue(Display.java:58)
	at Display.validateDouble(Display.java:73)
	at Display.setCurrentValue(Display.java:58)
	at Display.validateDouble(Display.java:73)
	at Display.setCurrentValue(Display.java:58)
	at Display.validateDouble(Display.java:73)
	at Display.setCurrentValue(Display.java:58)
	at Display.validateDouble(Display.java:73)
	at Display.setCurrentValue(Display.java:58)
	at Display.validateDouble(Display.java:73)
	at Display.setCurrentValue(Display.java:58)
	at Display.validateDouble(Display.java:73)
	at Display.setCurrentValue(Display.java:58)
	at Display.validateDouble(Display.java:73)
	at Display.setCurrentValue(Display.java:58)
	at Display.validateDouble(Display.java:73)
	at Display.setCurrentValue(Display.java:58)
	at Display.validateDouble(Display.java:73)
	at Display.setCurrentValue(Display.java:58)
	at Display.validateDouble(Display.java:73)
	at Display.setCurrentValue(Display.java:58)
	at Display.validateDouble(Display.java:73)
	at Display.setCurrentValue(Display.java:58)
	at Display.validateDouble(Display.java:73)
	at Display.setCurrentValue(Display.java:58)
	at Display.validateDouble(Display.java:73)
	at Display.setCurrentValue(Display.java:58)
	at Display.validateDouble(Display.java:73)
	at Display.setCurrentValue(Display.java:58)
	at Display.validateDouble(Display.java:73)
	at Display.setCurrentValue(Display.java:58)
	at Display.validateDouble(Display.java:73)
	at Display.setCurrentValue(Display.java:58)
	at Display.validateDouble(Display.java:73)
	at Display.setCurrentValue(Display.java:58)
	at Display.validateDouble(Display.java:73)
	at Display.setCurrentValue(Display.java:58)
	at Display.validateDouble(Display.java:73)
	at Display.setCurrentValue(Display.java:58)
	at Display.validateDouble(Display.java:73)
	at Display.setCurrentValue(Display.java:58)
	at Display.validateDouble(Display.java:73)
	at Display.setCurrentValue(Display.java:58)
	at Display.validateDouble(Display.java:73)
	at Display.setCurrentValue(Display.java:58)
	at Display.validateDouble(Display.java:73)
	at Display.setCurrentValue(Display.java:58)
	at Display.validateDouble(Display.java:73)
	at Display.setCurrentValue(Display.java:58)
	at Display.validateDouble(Display.java:73)
	at Display.setCurrentValue(Display.java:58)
	at Display.validateDouble(Display.java:73)
	at Display.setCurrentValue(Display.java:58)
	at Display.validateDouble(Display.java:73)
	at Display.setCurrentValue(Display.java:58)
	at Display.validateDouble(Display.java:73)
	at Display.setCurrentValue(Display.java:58)
	at Display.validateDouble(Display.java:73)
	at Display.setCurrentValue(Display.java:58)
	at Display.validateDouble(Display.java:73)
	at Display.setCurrentValue(Display.java:58)
	at Display.validateDouble(Display.java:73)
	at Display.setCurrentValue(Display.java:58)
	at Display.validateDouble(Display.java:73)
	at Display.setCurrentValue(Display.java:58)
	at Display.validateDouble(Display.java:73)
	at Display.setCurrentValue(Display.java:58)
	at Display.validateDouble(Display.java:73)
	at Display.setCurrentValue(Display.java:58)
	at Display.validateDouble(Display.java:73)
	at Display.setCurrentValue(Display.java:58)
	at Display.validateDouble(Display.java:73)
	at Display.setCurrentValue(Display.java:58)
	at Display.validateDouble(Display.java:73)
	at Display.setCurrentValue(Display.java:58)
	at Display.validateDouble(Display.java:73)
	at Display.setCurrentValue(Display.java:58)
	at Display.validateDouble(Display.java:73)
	at Display.setCurrentValue(Display.java:58)
	at Display.validateDouble(Display.java:73)
	at Display.setCurrentValue(Display.java:58)
	at Display.validateDouble(Display.java:73)
	at Display.setCurrentValue(Display.java:58)
	at Display.validateDouble(Display.java:73)
	at Display.setCurrentValue(Display.java:58)
	at Display.validateDouble(Display.java:73)
	at Display.setCurrentValue(Display.java:58)
	at Display.validateDouble(Display.java:73)
	at Display.setCurrentValue(Display.java:58)
	at Display.validateDouble(Display.java:73)
	at Display.setCurrentValue(Display.java:58)
	at Display.validateDouble(Display.java:73)
	at Display.setCurrentValue(Display.java:58)
	at Display.validateDouble(Display.java:73)
	at Display.setCurrentValue(Display.java:58)
	at Display.validateDouble(Display.java:73)
	at Display.setCurrentValue(Display.java:58)
	at Display.validateDouble(Display.java:73)
	at Display.setCurrentValue(Display.java:58)
	at Display.validateDouble(Display.java:73)
	at Display.setCurrentValue(Display.java:58)
	at Display.validateDouble(Display.java:73)
	at Display.setCurrentValue(Display.java:58)
	at Display.validateDouble(Display.java:73)
	at Display.setCurrentValue(Display.java:58)
	at Display.validateDouble(Display.java:73)
	at Display.setCurrentValue(Display.java:58)
	at Display.validateDouble(Display.java:73)
	at Display.setCurrentValue(Display.java:58)
	at Display.validateDouble(Display.java:73)
	at Display.setCurrentValue(Display.java:58)
	at Display.validateDouble(Display.java:73)
	at Display.setCurrentValue(Display.java:58)
	at Display.validateDouble(Display.java:73)
	at Display.setCurrentValue(Display.java:58)
	at Display.validateDouble(Display.java:73)
	at Display.setCurrentValue(Display.java:58)
	at Display.validateDouble(Display.java:73)
	at Display.setCurrentValue(Display.java:58)
	at Display.validateDouble(Display.java:73)
	at Display.setCurrentValue(Display.java:58)
	at Display.validateDouble(Display.java:73)
	at Display.setCurrentValue(Display.java:58)
	at Display.validateDouble(Display.java:73)
	at Display.setCurrentValue(Display.java:58)
	at Display.validateDouble(Display.java:73)
	at Display.setCurrentValue(Display.java:58)
	at Display.validateDouble(Display.java:73)
	at Display.setCurrentValue(Display.java:58)
	at Display.validateDouble(Display.java:73)
	at Display.setCurrentValue(Display.java:58)
	at Display.validateDouble(Display.java:73)
	at Display.setCurrentValue(Display.java:58)
	at Display.validateDouble(Display.java:73)
	at Display.setCurrentValue(Display.java:58)
	at Display.validateDouble(Display.java:73)
	at Display.setCurrentValue(Display.java:58)
	at Display.validateDouble(Display.java:73)
	at Display.setCurrentValue(Display.java:58)
	at Display.validateDouble(Display.java:73)
	at Display.setCurrentValue(Display.java:58)
	at Display.validateDouble(Display.java:73)
	at Display.setCurrentValue(Display.java:58)
	at Display.validateDouble(Display.java:73)
	at Display.setCurrentValue(Display.java:58)
	at Display.validateDouble(Display.java:73)
	at Display.setCurrentValue(Display.java:58)
	at Display.validateDouble(Display.java:73)
	at Display.setCurrentValue(Display.java:58)
	at Display.validateDouble(Display.java:73)
	at Display.setCurrentValue(Display.java:58)
	at Display.validateDouble(Display.java:73)
	at Display.setCurrentValue(Display.java:58)
	at Display.validateDouble(Display.java:73)
	at Display.setCurrentValue(Display.java:58)
	at Display.validateDouble(Display.java:73)
	at Display.setCurrentValue(Display.java:58)
	at Display.validateDouble(Display.java:73)
	at Display.setCurrentValue(Display.java:58)
	at Display.validateDouble(Display.java:73)
	at Display.setCurrentValue(Display.java:58)
	at Display.validateDouble(Display.java:73)
	at Display.setCurrentValue(Display.java:58)
	at Display.validateDouble(Display.java:73)
	at Display.setCurrentValue(Display.java:58)
	at Display.validateDouble(Display.java:73)
	at Display.setCurrentValue(Display.java:58)
	at Display.validateDouble(Display.java:73)
	at Display.setCurrentValue(Display.java:58)
	at Display.validateDouble(Display.java:73)
	at Display.setCurrentValue(Display.java:58)
	at Display.validateDouble(Display.java:73)
	at Display.setCurrentValue(Display.java:58)
	at Display.validateDouble(Display.java:73)
	at Display.setCurrentValue(Display.java:58)
	at Display.validateDouble(Display.java:73)
	at Display.setCurrentValue(Display.java:58)
	at Display.validateDouble(Display.java:73)
	at Display.setCurrentValue(Display.java:58)
	at Display.validateDouble(Display.java:73)
	at Display.setCurrentValue(Display.java:58)
	at Display.validateDouble(Display.java:73)
	at Display.setCurrentValue(Display.java:58)
	at Display.validateDouble(Display.java:73)
	at Display.setCurrentValue(Display.java:58)
	at Display.validateDouble(Display.java:73)
	at Display.setCurrentValue(Display.java:58)
	at Display.validateDouble(Display.java:73)
	at Display.setCurrentValue(Display.java:58)
	at Display.validateDouble(Display.java:73)
	at Display.setCurrentValue(Display.java:58)
	at Display.validateDouble(Display.java:73)
	at Display.setCurrentValue(Display.java:58)
	at Display.validateDouble(Display.java:73)
	at Display.setCurrentValue(Display.java:58)
	at Display.validateDouble(Display.java:73)
	at Display.setCurrentValue(Display.java:58)
	at Display.validateDouble(Display.java:73)
	at Display.setCurrentValue(Display.java:58)
	at Display.validateDouble(Display.java:73)
	at Display.setCurrentValue(Display.java:58)
	at Display.validateDouble(Display.java:73)
	at Display.setCurrentValue(Display.java:58)
	at Display.validateDouble(Display.java:73)
	at Display.setCurrentValue(Display.java:58)
	at Display.validateDouble(Display.java:73)
	at Display.setCurrentValue(Display.java:58)
	at Display.validateDouble(Display.java:73)
	at Display.setCurrentValue(Display.java:58)
	at Display.validateDouble(Display.java:73)
	at Display.setCurrentValue(Display.java:58)
	at Display.validateDouble(Display.java:73)
	at Display.setCurrentValue(Display.java:58)
	at Display.validateDouble(Display.java:73)
	at Display.setCurrentValue(Display.java:58)
	at Display.validateDouble(Display.java:73)
	at Display.setCurrentValue(Display.java:58)
	at Display.validateDouble(Display.java:73)
	at Display.setCurrentValue(Display.java:58)
	at Display.validateDouble(Display.java:73)
	at Display.setCurrentValue(Display.java:58)
	at Display.validateDouble(Display.java:73)
	at Display.setCurrentValue(Display.java:58)
	at Display.validateDouble(Display.java:73)
	at Display.setCurrentValue(Display.java:58)
	at Display.validateDouble(Display.java:73)
	at Display.setCurrentValue(Display.java:58)
	at Display.validateDouble(Display.java:73)
	at Display.setCurrentValue(Display.java:58)
	at Display.validateDouble(Display.java:73)
	at Display.setCurrentValue(Display.java:58)
	at Display.validateDouble(Display.java:73)
	at Display.setCurrentValue(Display.java:58)
	at Display.validateDouble(Display.java:73)
	at Display.setCurrentValue(Display.java:58)
	at Display.validateDouble(Display.java:73)
	at Display.setCurrentValue(Display.java:58)
	at Display.validateDouble(Display.java:73)
	at Display.setCurrentValue(Display.java:58)
	at Display.validateDouble(Display.java:73)
	at Display.setCurrentValue(Display.java:58)
	at Display.validateDouble(Display.java:73)
	at Display.setCurrentValue(Display.java:58)
	at Display.validateDouble(Display.java:73)
	at Display.setCurrentValue(Display.java:58)
	at Display.validateDouble(Display.java:73)
	at Display.setCurrentValue(Display.java:58)
	at Display.validateDouble(Display.java:73)
	at Display.setCurrentValue(Display.java:58)
	at Display.validateDouble(Display.java:73)
	at Display.setCurrentValue(Display.java:58)
	at Display.validateDouble(Display.java:73)
	at Display.setCurrentValue(Display.java:58)
	at Display.validateDouble(Display.java:73)
	at Display.setCurrentValue(Display.java:58)
	at Display.validateDouble(Display.java:73)
	at Display.setCurrentValue(Display.java:58)
	at Display.validateDouble(Display.java:73)
	at Display.setCurrentValue(Display.java:58)
	at Display.validateDouble(Display.java:73)
	at Display.setCurrentValue(Display.java:58)
	at Display.validateDouble(Display.java:73)
	at Display.setCurrentValue(Display.java:58)
	at Display.validateDouble(Display.java:73)
	at Display.setCurrentValue(Display.java:58)
	at Display.validateDouble(Display.java:73)
	at Display.setCurrentValue(Display.java:58)
	at Display.validateDouble(Display.java:73)
	at Display.setCurrentValue(Display.java:58)
	at Display.validateDouble(Display.java:73)
	at Display.setCurrentValue(Display.java:58)
	at Display.validateDouble(Display.java:73)
	at Display.setCurrentValue(Display.java:58)
	at Display.validateDouble(Display.java:73)
	at Display.setCurrentValue(Display.java:58)
	at Display.validateDouble(Display.java:73)
	at Display.setCurrentValue(Display.java:58)
	at Display.validateDouble(Display.java:73)
	at Display.setCurrentValue(Display.java:58)
	at Display.validateDouble(Display.java:73)
	at Display.setCurrentValue(Display.java:58)
	at Display.validateDouble(Display.java:73)
	at Display.setCurrentValue(Display.java:58)
	at Display.validateDouble(Display.java:73)
	at Display.setCurrentValue(Display.java:58)
	at Display.validateDouble(Display.java:73)
	at Display.setCurrentValue(Display.java:58)
	at Display.validateDouble(Display.java:73)
	at Display.setCurrentValue(Display.java:58)
	at Display.validateDouble(Display.java:73)
	at Display.setCurrentValue(Display.java:58)
	at Display.validateDouble(Display.java:73)
	at Display.setCurrentValue(Display.java:58)
	at Display.validateDouble(Display.java:73)
	at Display.setCurrentValue(Display.java:58)
	at Display.validateDouble(Display.java:73)
	at Display.setCurrentValue(Display.java:58)
	at Display.validateDouble(Display.java:73)
	at Display.setCurrentValue(Display.java:58)
	at Display.validateDouble(Display.java:73)
	at Display.setCurrentValue(Display.java:58)
	at Display.validateDouble(Display.java:73)
	at Display.setCurrentValue(Display.java:58)
	at Display.validateDouble(Display.java:73)
	at Display.setCurrentValue(Display.java:58)
	at Display.validateDouble(Display.java:73)
	at Display.setCurrentValue(Display.java:58)
	at Display.validateDouble(Display.java:73)
	at Display.setCurrentValue(Display.java:58)
	at Display.validateDouble(Display.java:73)
	at Display.setCurrentValue(Display.java:58)
	at Display.validateDouble(Display.java:73)
	at Display.setCurrentValue(Display.java:58)
	at Display.validateDouble(Display.java:73)
	at Display.setCurrentValue(Display.java:58)
	at Display.validateDouble(Display.java:73)
	at Display.setCurrentValue(Display.java:58)
	at Display.validateDouble(Display.java:73)
	at Display.setCurrentValue(Display.java:58)
	at Display.validateDouble(Display.java:73)
	at Display.setCurrentValue(Display.java:58)
	at Display.validateDouble(Display.java:73)
	at Display.setCurrentValue(Display.java:58)
	at Display.validateDouble(Display.java:73)
	at Display.setCurrentValue(Display.java:58)
	at Display.validateDouble(Display.java:73)
	at Display.setCurrentValue(Display.java:58)
	at Display.validateDouble(Display.java:73)
	at Display.setCurrentValue(Display.java:58)
	at Display.validateDouble(Display.java:73)
	at Display.setCurrentValue(Display.java:58)
	at Display.validateDouble(Display.java:73)
	at Display.setCurrentValue(Display.java:58)
	at Display.validateDouble(Display.java:73)
	at Display.setCurrentValue(Display.java:58)
	at Display.validateDouble(Display.java:73)
	at Display.setCurrentValue(Display.java:58)
	at Display.validateDouble(Display.java:73)
	at Display.setCurrentValue(Display.java:58)
	at Display.validateDouble(Display.java:73)
	at Display.setCurrentValue(Display.java:58)
	at Display.validateDouble(Display.java:73)
	at Display.setCurrentValue(Display.java:58)
	at Display.validateDouble(Display.java:73)
	at Display.setCurrentValue(Display.java:58)
	at Display.validateDouble(Display.java:73)
	at Display.setCurrentValue(Display.java:58)
	at Display.validateDouble(Display.java:73)
	at Display.setCurrentValue(Display.java:58)
	at Display.validateDouble(Display.java:73)
	at Display.setCurrentValue(Display.java:58)
	at Display.validateDouble(Display.java:73)
	at Display.setCurrentValue(Display.java:58)
	at Display.validateDouble(Display.java:73)
	at Display.setCurrentValue(Display.java:58)
	at Display.validateDouble(Display.java:73)
	at Display.setCurrentValue(Display.java:58)
	at Display.validateDouble(Display.java:73)
	at Display.setCurrentValue(Display.java:58)
	at Display.validateDouble(Display.java:73)
	at Display.setCurrentValue(Display.java:58)
	at Display.validateDouble(Display.java:73)
	at Display.setCurrentValue(Display.java:58)
	at Display.validateDouble(Display.java:73)
	at Display.setCurrentValue(Display.java:58)
	at Display.validateDouble(Display.java:73)
	at Display.setCurrentValue(Display.java:58)
	at Display.validateDouble(Display.java:73)
	at Display.setCurrentValue(Display.java:58)
	at Display.validateDouble(Display.java:73)
	at Display.setCurrentValue(Display.java:58)
	at Display.validateDouble(Display.java:73)
	at Display.setCurrentValue(Display.java:58)
	at Display.validateDouble(Display.java:73)
	at Display.setCurrentValue(Display.java:58)
	at Display.validateDouble(Display.java:73)
	at Display.setCurrentValue(Display.java:58)
	at Display.validateDouble(Display.java:73)
	at Display.setCurrentValue(Display.java:58)
	at Display.validateDouble(Display.java:73)
	at Display.setCurrentValue(Display.java:58)
	at Display.validateDouble(Display.java:73)
	at Display.setCurrentValue(Display.java:58)
	at Display.validateDouble(Display.java:73)
	at Display.setCurrentValue(Display.java:58)
	at Display.validateDouble(Display.java:73)
	at Display.setCurrentValue(Display.java:58)
	at Display.validateDouble(Display.java:73)
	at Display.setCurrentValue(Display.java:58)
	at Display.validateDouble(Display.java:73)
	at Display.setCurrentValue(Display.java:58)
	at Display.validateDouble(Display.java:73)
	at Display.setCurrentValue(Display.java:58)
	at Display.validateDouble(Display.java:73)
	at Display.setCurrentValue(Display.java:58)
	at Display.validateDouble(Display.java:73)
	at Display.setCurrentValue(Display.java:58)
	at Display.validateDouble(Display.java:73)
	at Display.setCurrentValue(Display.java:58)
	at Display.validateDouble(Display.java:73)
	at Display.setCurrentValue(Display.java:58)
	at Display.validateDouble(Display.java:73)
	at Display.setCurrentValue(Display.java:58)
	at Display.validateDouble(Display.java:73)
	at Display.setCurrentValue(Display.java:58)
	at Display.validateDouble(Display.java:73)
	at Display.setCurrentValue(Display.java:58)
	at Display.validateDouble(Display.java:73)
	at Display.setCurrentValue(Display.java:58)
	at Display.validateDouble(Display.java:73)
	at Display.setCurrentValue(Display.java:58)
	at Display.validateDouble(Display.java:73)
	at Display.setCurrentValue(Display.java:58)
	at Display.validateDouble(Display.java:73)
	at Display.setCurrentValue(Display.java:58)
	at Display.validateDouble(Display.java:73)
	at Display.setCurrentValue(Display.java:58)
	at Display.validateDouble(Display.java:73)
	at Display.setCurrentValue(Display.java:58)
	at Display.validateDouble(Display.java:73)
	at Display.setCurrentValue(Display.java:58)
	at Display.validateDouble(Display.java:73)
	at Display.setCurrentValue(Display.java:58)
	at Display.validateDouble(Display.java:73)
	at Display.setCurrentValue(Display.java:58)
	at Display.validateDouble(Display.java:73)
	at Display.setCurrentValue(Display.java:58)
	at Display.validateDouble(Display.java:73)
	at Display.setCurrentValue(Display.java:58)
	at Display.validateDouble(Display.java:73)
	at Display.setCurrentValue(Display.java:58)
	at Display.validateDouble(Display.java:73)
	at Display.setCurrentValue(Display.java:58)
	at Display.validateDouble(Display.java:73)
	at Display.setCurrentValue(Display.java:58)
	at Display.validateDouble(Display.java:73)
	at Display.setCurrentValue(Display.java:58)
	at Display.validateDouble(Display.java:73)
	at Display.setCurrentValue(Display.java:58)
	at Display.validateDouble(Display.java:73)
	at Display.setCurrentValue(Display.java:58)
	at Display.validateDouble(Display.java:73)
	at Display.setCurrentValue(Display.java:58)
	at Display.validateDouble(Display.java:73)
	at Display.setCurrentValue(Display.java:58)
	at Display.validateDouble(Display.java:73)
	at Display.setCurrentValue(Display.java:58)
	at Display.validateDouble(Display.java:73)
	at Display.setCurrentValue(Display.java:58)
	at Display.validateDouble(Display.java:73)
	at Display.setCurrentValue(Display.java:58)
	at Display.validateDouble(Display.java:73)
	at Display.setCurrentValue(Display.java:58)
	at Display.validateDouble(Display.java:73)
	at Display.setCurrentValue(Display.java:58)
	at Display.validateDouble(Display.java:73)
	at Display.setCurrentValue(Display.java:58)
	at Display.validateDouble(Display.java:73)
	at Display.setCurrentValue(Display.java:58)
	at Display.validateDouble(Display.java:73)
	at Display.setCurrentValue(Display.java:58)
	at Display.validateDouble(Display.java:73)
	at Display.setCurrentValue(Display.java:58)
	at Display.validateDouble(Display.java:73)
	at Display.setCurrentValue(Display.java:58)
	at Display.validateDouble(Display.java:73)
	at Display.setCurrentValue(Display.java:58)
	at Display.validateDouble(Display.java:73)
	at Display.setCurrentValue(Display.java:58)
	at Display.validateDouble(Display.java:73)
	at Display.setCurrentValue(Display.java:58)
	at Display.validateDouble(Display.java:73)
	at Display.setCurrentValue(Display.java:58)
	at Display.validateDouble(Display.java:73)
	at Display.setCurrentValue(Display.java:58)
	at Display.validateDouble(Display.java:73)
	at Display.setCurrentValue(Display.java:58)
	at Display.validateDouble(Display.java:73)
	at Display.setCurrentValue(Display.java:58)
	at Display.validateDouble(Display.java:73)
	at Display.setCurrentValue(Display.java:58)
	at Display.validateDouble(Display.java:73)
	at Display.setCurrentValue(Display.java:58)
	at Display.validateDouble(Display.java:73)
	at Display.setCurrentValue(Display.java:58)
	at Display.validateDouble(Display.java:73)
	at Display.setCurrentValue(Display.java:58)
	at Display.validateDouble(Display.java:73)
	at Display.setCurrentValue(Display.java:58)
	at Display.validateDouble(Display.java:73)
	at Display.setCurrentValue(Display.java:58)
	at Display.validateDouble(Display.java:73)
	at Display.setCurrentValue(Display.java:58)
	at Display.validateDouble(Display.java:73)
	at Display.setCurrentValue(Display.java:58)
	at Display.validateDouble(Display.java:73)
	at Display.setCurrentValue(Display.java:58)
	at Display.validateDouble(Display.java:73)
	at Display.setCurrentValue(Display.java:58)
	at Display.validateDouble(Display.java:73)
	at Display.setCurrentValue(Display.java:58)
	at Display.validateDouble(Display.java:73)
	at Display.setCurrentValue(Display.java:58)
	at Display.validateDouble(Display.java:73)
	at Display.setCurrentValue(Display.java:58)
	at Display.validateDouble(Display.java:73)
	at Display.setCurrentValue(Display.java:58)
	at Display.validateDouble(Display.java:73)
	at Display.setCurrentValue(Display.java:58)
	at Display.validateDouble(Display.java:73)
	at Display.setCurrentValue(Display.java:58)
	at Display.validateDouble(Display.java:73)
	at Display.setCurrentValue(Display.java:58)
	at Display.validateDouble(Display.java:73)
	at Display.setCurrentValue(Display.java:58)
	at Display.validateDouble(Display.java:73)
	at Display.setCurrentValue(Display.java:58)
	at Display.validateDouble(Display.java:73)
	at Display.setCurrentValue(Display.java:58)
	at Display.validateDouble(Display.java:73)
	at Display.setCurrentValue(Display.java:58)
	at Display.validateDouble(Display.java:73)
	at Display.setCurrentValue(Display.java:58)
	at Display.validateDouble(Display.java:73)
	at Display.setCurrentValue(Display.java:58)
	at Display.validateDouble(Display.java:73)
	at Display.setCurrentValue(Display.java:58)
	at Display.validateDouble(Display.java:73)
	at Display.setCurrentValue(Display.java:58)
	at Display.validateDouble(Display.java:73)
	at Display.setCurrentValue(Display.java:58)
	at Display.validateDouble(Display.java:73)
	at Display.setCurrentValue(Display.java:58)
	at Display.validateDouble(Display.java:73)
	at Display.setCurrentValue(Display.java:58)
	at Display.validateDouble(Display.java:73)
	at Display.setCurrentValue(Display.java:58)
	at Display.validateDouble(Display.java:73)
	at Display.setCurrentValue(Display.java:58)
	at Display.validateDouble(Display.java:73)
	at Display.setCurrentValue(Display.java:58)
	at Display.validateDouble(Display.java:73)
	at Display.setCurrentValue(Display.java:58)
	at Display.validateDouble(Display.java:73)
	at Display.setCurrentValue(Display.java:58)
	at Display.validateDouble(Display.java:73)
	at Display.setCurrentValue(Display.java:58)
	at Display.validateDouble(Display.java:73)
	at Display.setCurrentValue(Display.java:58)
	at Display.validateDouble(Display.java:73)
	at Display.setCurrentValue(Display.java:58)
	at Display.validateDouble(Display.java:73)
	at Display.setCurrentValue(Display.java:58)
	at Display.validateDouble(Display.java:73)
	at Display.setCurrentValue(Display.java:58)
	at Display.validateDouble(Display.java:73)
	at Display.setCurrentValue(Display.java:58)
	at Display.validateDouble(Display.java:73)
	at Display.setCurrentValue(Display.java:58)
	at Display.validateDouble(Display.java:73)
	at Display.setCurrentValue(Display.java:58)
	at Display.validateDouble(Display.java:73)
	at Display.setCurrentValue(Display.java:58)
	at Display.validateDouble(Display.java:73)
	at Display.setCurrentValue(Display.java:58)
	at Display.validateDouble(Display.java:73)
	at Display.setCurrentValue(Display.java:58)
	at Display.validateDouble(Display.java:73)
	at Display.setCurrentValue(Display.java:58)
	at Display.validateDouble(Display.java:73)
	at Display.setCurrentValue(Display.java:58)
	at Display.validateDouble(Display.java:73)
	at Display.setCurrentValue(Display.java:58)
	at Display.validateDouble(Display.java:73)
	at Display.setCurrentValue(Display.java:58)
	at Display.validateDouble(Display.java:73)
	at Display.setCurrentValue(Display.java:58)
	at Display.validateDouble(Display.java:73)
	at Display.setCurrentValue(Display.java:58)
	at Display.validateDouble(Display.java:73)
	at Display.setCurrentValue(Display.java:58)
	at Display.validateDouble(Display.java:73)
	at Display.setCurrentValue(Display.java:58)
	at Display.validateDouble(Display.java:73)
	at Display.setCurrentValue(Display.java:58)
	at Display.validateDouble(Display.java:73)
	at Display.setCurrentValue(Display.java:58)
	at Display.validateDouble(Display.java:73)
	at Display.setCurrentValue(Display.java:58)
	at Display.validateDouble(Display.java:73)
	at Display.setCurrentValue(Display.java:58)
	at Display.validateDouble(Display.java:73)
	at Display.setCurrentValue(Display.java:58)
	at Display.validateDouble(Display.java:73)
	at Display.setCurrentValue(Display.java:58)
	at Display.validateDouble(Display.java:73)
	at Display.setCurrentValue(Display.java:58)
	at Display.validateDouble(Display.java:73)
	at Display.setCurrentValue(Display.java:58)
	at Display.validateDouble(Display.java:73)
	at Display.setCurrentValue(Display.java:58)
	at Display.validateDouble(Display.java:73)
	at Display.setCurrentValue(Display.java:58)
	at Display.validateDouble(Display.java:73)
	at Display.setCurrentValue(Display.java:58)
	at Display.validateDouble(Display.java:73)
	at Display.setCurrentValue(Display.java:58)
	at Display.validateDouble(Display.java:73)
	at Display.setCurrentValue(Display.java:58)
	at Display.validateDouble(Display.java:73)
	at Display.setCurrentValue(Display.java:58)
	at Display.validateDouble(Display.java:73)
	at Display.setCurrentValue(Display.java:58)
	at Display.validateDouble(Display.java:73)
	at Display.setCurrentValue(Display.java:58)
	at Display.validateDouble(Display.java:73)
	at Display.setCurrentValue(Display.java:58)
	at Display.validateDouble(Display.java:73)
	at Display.setCurrentValue(Display.java:58)
	at Display.validateDouble(Display.java:73)
	at Display.setCurrentValue(Display.java:58)
	at Display.validateDouble(Display.java:73)
	at Display.setCurrentValue(Display.java:58)
	at Display.validateDouble(Display.java:73)
	at Display.setCurrentValue(Display.java:58)
	at Display.validateDouble(Display.java:73)
	at Display.setCurrentValue(Display.java:58)
	at Display.validateDouble(Display.java:73)
	at Display.setCurrentValue(Display.java:58)
	at Display.validateDouble(Display.java:73)
	at Display.setCurrentValue(Display.java:58)
	at Display.validateDouble(Display.java:73)
	at Display.setCurrentValue(Display.java:58)
	at Display.validateDouble(Display.java:73)
	at Display.setCurrentValue(Display.java:58)
	at Display.validateDouble(Display.java:73)
	at Display.setCurrentValue(Display.java:58)
	at Display.validateDouble(Display.java:73)
	at Display.setCurrentValue(Display.java:58)
	at Display.validateDouble(Display.java:73)
	at Display.setCurrentValue(Display.java:58)
	at Display.validateDouble(Display.java:73)
	at Display.setCurrentValue(Display.java:58)
	at Display.validateDouble(Display.java:73)
	at Display.setCurrentValue(Display.java:58)
	at Display.validateDouble(Display.java:73)
	at Display.setCurrentValue(Display.java:58)
	at Display.validateDouble(Display.java:73)
	at Display.setCurrentValue(Display.java:58)
	at Display.validateDouble(Display.java:73)
	at Display.setCurrentValue(Display.java:58)
	at Display.validateDouble(Display.java:73)
	at Display.setCurrentValue(Display.java:58)
	at Display.validateDouble(Display.java:73)
	at Display.setCurrentValue(Display.java:58)
	at Display.validateDouble(Display.java:73)
	at Display.setCurrentValue(Display.java:58)
	at Display.validateDouble(Display.java:73)
	at Display.setCurrentValue(Display.java:58)
	at Display.validateDouble(Display.java:73)
	at Display.setCurrentValue(Display.java:58)
	at Display.validateDouble(Display.java:73)
	at Display.setCurrentValue(Display.java:58)
	at Display.validateDouble(Display.java:73)
	at Display.setCurrentValue(Display.java:58)
	at Display.validateDouble(Display.java:73)
	at Display.setCurrentValue(Display.java:58)
	at Display.validateDouble(Display.java:73)
	at Display.setCurrentValue(Display.java:58)
	at Display.validateDouble(Display.java:73)
	at Display.setCurrentValue(Display.java:58)
	at Display.validateDouble(Display.java:73)
	at Display.setCurrentValue(Display.java:58)
	at Display.validateDouble(Display.java:73)
	at Display.setCurrentValue(Display.java:58)
	at Display.validateDouble(Display.java:73)
	at Display.setCurrentValue(Display.java:58)
	at Display.validateDouble(Display.java:73)
	at Display.setCurrentValue(Display.java:58)
	at Display.validateDouble(Display.java:73)
	at Display.setCurrentValue(Display.java:58)
	at Display.validateDouble(Display.java:73)
	at Display.setCurrentValue(Display.java:58)
	at Display.validateDouble(Display.java:73)
	at Display.setCurrentValue(Display.java:58)
	at Display.validateDouble(Display.java:73)
	at Display.setCurrentValue(Display.java:58)
	at Display.validateDouble(Display.java:73)
	at Display.setCurrentValue(Display.java:58)
	at Display.validateDouble(Display.java:73)
	at Display.setCurrentValue(Display.java:58)
	at Display.validateDouble(Display.java:73)
	at Display.setCurrentValue(Display.java:58)
	at Display.validateDouble(Display.java:73)
	at Display.setCurrentValue(Display.java:58)
	at Display.validateDouble(Display.java:73)
	at Display.setCurrentValue(Display.java:58)
	at Display.validateDouble(Display.java:73)
	at Display.setCurrentValue(Display.java:58)
	at Display.validateDouble(Display.java:73)
	at Display.setCurrentValue(Display.java:58)
	at Display.validateDouble(Display.java:73)
	at Display.setCurrentValue(Display.java:58)
	at Display.validateDouble(Display.java:73)
	at Display.setCurrentValue(Display.java:58)
	at Display.validateDouble(Display.java:73)
	at Display.setCurrentValue(Display.java:58)
	at Display.validateDouble(Display.java:73)
	at Display.setCurrentValue(Display.java:58)
	at Display.validateDouble(Display.java:73)
	at Display.setCurrentValue(Display.java:58)
	at Display.validateDouble(Display.java:73)
	at Display.setCurrentValue(Display.java:58)
	at Display.validateDouble(Display.java:73)
	at Display.setCurrentValue(Display.java:58)
	at Display.validateDouble(Display.java:73)
	at Display.setCurrentValue(Display.java:58)
	at Display.validateDouble(Display.java:73)
	at Display.setCurrentValue(Display.java:58)
	at Display.validateDouble(Display.java:73)
	at Display.setCurrentValue(Display.java:58)
	at Display.validateDouble(Display.java:73)
	at Display.setCurrentValue(Display.java:58)
	at Display.validateDouble(Display.java:73)
	at Display.setCurrentValue(Display.java:58)
	at Display.validateDouble(Display.java:73)
	at Display.setCurrentValue(Display.java:58)
	at Display.validateDouble(Display.java:73)
	at Display.setCurrentValue(Display.java:58)
	at Display.validateDouble(Display.java:73)
	at Display.setCurrentValue(Display.java:58)
	at Display.validateDouble(Display.java:73)
	at Display.setCurrentValue(Display.java:58)
	at Display.validateDouble(Display.java:73)
	at Display.setCurrentValue(Display.java:58)
	at Display.validateDouble(Display.java:73)
	at Display.setCurrentValue(Display.java:58)
	at Display.validateDouble(Display.java:73)
	at Display.setCurrentValue(Display.java:58)
	at Display.validateDouble(Display.java:73)

